#
# A fatal error has been detected by the Java Runtime Environment:
#
#  SIGSEGV (0xb) at pc=0x00007fff93e5b097, pid=31897, tid=1287
#
# JRE version: Java(TM) SE Runtime Environment (7.0_40-b43) (build 1.7.0_40-b43)
# Java VM: Java HotSpot(TM) 64-Bit Server VM (24.0-b56 mixed mode bsd-amd64 compressed oops)
# Problematic frame:
# C  [libobjc.A.dylib+0x5097]  objc_msgSend+0x17
#
# Failed to write core dump. Core dumps have been disabled. To enable core dumping, try "ulimit -c unlimited" before starting Java again
#
# If you would like to submit a bug report, please visit:
#   http://bugreport.sun.com/bugreport/crash.jsp
# The crash happened outside the Java Virtual Machine in native code.
# See problematic frame for where to report the bug.
#

---------------  T H R E A D  ---------------

Current thread (0x00007fe29d04d000):  JavaThread "AppKit Thread" daemon [_thread_in_native, id=1287, stack(0x00007fff5e338000,0x00007fff5e3b8000)]

siginfo:si_signo=SIGSEGV: si_errno=0, si_code=0 (SEGV0), si_addr=0x0000000000000000

Registers:
RAX=0x00007fe29b472ac0, RBX=0x00000000000f42f0, RCX=0x0000000000000000, RDX=0x00007fe29b773b70
RSP=0x00007fff5e3b35d8, RBP=0x00007fff5e3b35e0, RSI=0x00007fff8df5db9f, RDI=0x00007fe29b472ac0
R8 =0x0000000000000040, R9 =0x00007fff5e3b3500, R10=0x00007fff8df5db9f, R11=0xe00007fe29b48f0b
R12=0x00000000000f42f0, R13=0x00007fff5e3b37a8, R14=0x00007fe29b541170, R15=0x00007fff5e3b3708
RIP=0x00007fff93e5b097, EFLAGS=0x0000000000010246, ERR=0x0000000000000000
  TRAPNO=0x000000000000000d

Top of Stack: (sp=0x00007fff5e3b35d8)
0x00007fff5e3b35d8:   00007fff8ffd3e0c 00007fff5e3b3940
0x00007fff5e3b35e8:   00007fff8fec7a6d 0000000000000003
0x00007fff5e3b35f8:   0000000101864a00 00007fff5e3b3640
0x00007fff5e3b3608:   00007fff90cde272 00000000000007f8
0x00007fff5e3b3618:   00000000000f42f2 0000000000000002
0x00007fff5e3b3628:   00007fe29b474720 00007fe29b474060
0x00007fff5e3b3638:   00007fe29b510820 00007fe29b773b70
0x00007fff5e3b3648:   00007fff5e3b3700 0000000000000000
0x00007fff5e3b3658:   00000000000f42f0 0000000000000055
0x00007fff5e3b3668:   00007fff5e3b3780 0000000000000000
0x00007fff5e3b3678:   0000000000000001 00007fe29b510810
0x00007fff5e3b3688:   0000000000000051 000000000014d00c
0x00007fff5e3b3698:   0000010000000000 00007fff7a63ea60
0x00007fff5e3b36a8:   0000206000e516ea 00007fff5e3b3800
0x00007fff5e3b36b8:   0000000000000000 00007fff5e3b3798
0x00007fff5e3b36c8:   00007fff5e3b3778 00007fff7a63ea48
0x00007fff5e3b36d8:   0000000000000000 0000000000000021
0x00007fff5e3b36e8:   00007fff8fe516ea 00007fff795cfd38
0x00007fff5e3b36f8:   0000000000000000 00007fe29b4747a0
0x00007fff5e3b3708:   00007fe29b541170 00007fff90bb2b08
0x00007fff5e3b3718:   0000000000000000 00007fff5e3b37e0
0x00007fff5e3b3728:   00007fff94884dde 00007fff79ce90d0
0x00007fff5e3b3738:   0000000042000000 00007fff9488d1d1
0x00007fff5e3b3748:   00007fff7a61ab40 00007fff5e3b3848
0x00007fff5e3b3758:   00007fff5e3b3778 00007fff5e3b3798
0x00007fff5e3b3768:   0000000000000000 0000000101861001
0x00007fff5e3b3778:   0000000000000000 000000000000004f
0x00007fff5e3b3788:   0000000000000000 00000000000f42e3
0x00007fff5e3b3798:   0000000000000051 0000000000000000
0x00007fff5e3b37a8:   00000000000f42f0 000000015e3b3850
0x00007fff5e3b37b8:   00007fff8fe52261 00007fff7a3e6748
0x00007fff5e3b37c8:   00007fff7a3e674c 000000007a3e21b8 

Instructions: (pc=0x00007fff93e5b097)
0x00007fff93e5b077:   90 90 90 90 90 90 90 90 90 48 85 ff 2e 74 72 40
0x00007fff93e5b087:   f6 c7 01 2e 0f 85 7e 00 00 00 4c 8b 1f 49 89 f2
0x00007fff93e5b097:   45 23 53 18 49 c1 e2 04 4d 03 53 10 49 3b 32 75
0x00007fff93e5b0a7:   04 41 ff 62 08 49 83 3a 00 74 74 4d 3b 53 10 74 

Register to memory mapping:

RAX=0x00007fe29b472ac0 is an unknown value
RBX=0x00000000000f42f0 is an unknown value
RCX=0x0000000000000000 is an unknown value
RDX=0x00007fe29b773b70 is an unknown value
RSP=0x00007fff5e3b35d8 is pointing into the stack for thread: 0x00007fe29d04d000
RBP=0x00007fff5e3b35e0 is pointing into the stack for thread: 0x00007fe29d04d000
RSI=0x00007fff8df5db9f: NSAppKitVersionNumber+0x5358f in /System/Library/Frameworks/AppKit.framework/Versions/C/AppKit at 0x00007fff8d4ba000
RDI=0x00007fe29b472ac0 is an unknown value
R8 =0x0000000000000040 is an unknown value
R9 =0x00007fff5e3b3500 is pointing into the stack for thread: 0x00007fe29d04d000
R10=0x00007fff8df5db9f: NSAppKitVersionNumber+0x5358f in /System/Library/Frameworks/AppKit.framework/Versions/C/AppKit at 0x00007fff8d4ba000
R11=0xe00007fe29b48f0b is an unknown value
R12=0x00000000000f42f0 is an unknown value
R13=0x00007fff5e3b37a8 is pointing into the stack for thread: 0x00007fe29d04d000
R14=0x00007fe29b541170 is an unknown value
R15=0x00007fff5e3b3708 is pointing into the stack for thread: 0x00007fe29d04d000


Stack: [0x00007fff5e338000,0x00007fff5e3b8000],  sp=0x00007fff5e3b35d8,  free space=493k
Native frames: (J=compiled Java code, j=interpreted, Vv=VM code, C=native code)
C  [libobjc.A.dylib+0x5097]  objc_msgSend+0x17
C  [CoreFoundation+0x10a6d]  _CFXNotificationPost+0xb4d
C  [Foundation+0x27ba]  -[NSNotificationCenter postNotificationName:object:userInfo:]+0x44
C  [AppKit+0x10f719]  -[NSSurface _disposeSurface]+0x98
C  [AppKit+0x10f1b5]  -[NSSurface setWindow:]+0x46
C  [AppKit+0x3b0b7]  -[NSView _setWindow:]+0x8ea
C  [AppKit+0x3c10a]  -[NSView removeFromSuperview]+0x15e
C  [AppKit+0x98889]  -[NSView removeFromSuperviewWithoutNeedingDisplay]+0x26
C  [liblwjgl.jnilib+0x936e]  +[MacOSXKeyableWindow destroyWindow]+0xde
C  [Foundation+0x6313e]  __NSThreadPerformPerform+0xe5
C  [CoreFoundation+0x7f731]  __CFRUNLOOP_IS_CALLING_OUT_TO_A_SOURCE0_PERFORM_FUNCTION__+0x11
C  [CoreFoundation+0x70ea2]  __CFRunLoopDoSources0+0xf2
C  [CoreFoundation+0x7062f]  __CFRunLoopRun+0x33f
C  [CoreFoundation+0x700b5]  CFRunLoopRunSpecific+0x135
C  [HIToolbox+0x2ea0d]  RunCurrentEventLoopInMode+0xe2
C  [HIToolbox+0x2e7b7]  ReceiveNextEventCommon+0x1df
C  [HIToolbox+0x2e5bc]  _BlockUntilNextEventMatchingListInModeWithFilter+0x41
C  [AppKit+0x243de]  _DPSNextEvent+0x59a
C  [AppKit+0x23a2b]  -[NSApplication nextEventMatchingMask:untilDate:inMode:dequeue:]+0x7a
C  [libosxapp.dylib+0x16f4]  -[NSApplicationAWT nextEventMatchingMask:untilDate:inMode:dequeue:]+0x7c
C  [AppKit+0x17b2c]  -[NSApplication run]+0x229
C  [libosxapp.dylib+0x1557]  +[NSApplicationAWT runAWTLoopWithApp:]+0x9c
C  [liblwawt.dylib+0xdb99]  -[AWTStarter starter:]+0x369
C  [Foundation+0x6313e]  __NSThreadPerformPerform+0xe5
C  [CoreFoundation+0x7f731]  __CFRUNLOOP_IS_CALLING_OUT_TO_A_SOURCE0_PERFORM_FUNCTION__+0x11
C  [CoreFoundation+0x70ea2]  __CFRunLoopDoSources0+0xf2
C  [CoreFoundation+0x7062f]  __CFRunLoopRun+0x33f
C  [CoreFoundation+0x700b5]  CFRunLoopRunSpecific+0x135
C  [java+0x73b0]  CreateExecutionEnvironment+0x367
C  [java+0x1b5c]  JLI_Launch+0x7a0
C  [java+0x770d]  main+0x65
C  [java+0x13b4]  start+0x34


---------------  P R O C E S S  ---------------

Java Threads: ( => current thread )
  0x00007fe29d0ae800 JavaThread "DestroyJavaVM" [_thread_blocked, id=6403, stack(0x0000000102c53000,0x0000000102d53000)]
  0x00007fe29d071800 JavaThread "LWJGL Application" [_thread_in_native, id=69123, stack(0x000000010f493000,0x000000010f593000)]
  0x00007fe29c0d3000 JavaThread "AWT-Shutdown" [_thread_blocked, id=27915, stack(0x000000010c0a7000,0x000000010c1a7000)]
=>0x00007fe29d04d000 JavaThread "AppKit Thread" daemon [_thread_in_native, id=1287, stack(0x00007fff5e338000,0x00007fff5e3b8000)]
  0x00007fe29b823000 JavaThread "Service Thread" daemon [_thread_blocked, id=19203, stack(0x000000010a45a000,0x000000010a55a000)]
  0x00007fe29b814000 JavaThread "C2 CompilerThread1" daemon [_thread_blocked, id=18691, stack(0x000000010a357000,0x000000010a457000)]
  0x00007fe29c038800 JavaThread "C2 CompilerThread0" daemon [_thread_blocked, id=18179, stack(0x000000010a254000,0x000000010a354000)]
  0x00007fe29c038000 JavaThread "Signal Dispatcher" daemon [_thread_blocked, id=17667, stack(0x000000010a151000,0x000000010a251000)]
  0x00007fe29b81d000 JavaThread "Finalizer" daemon [_thread_blocked, id=12547, stack(0x0000000109f17000,0x000000010a017000)]
  0x00007fe29b81a000 JavaThread "Reference Handler" daemon [_thread_blocked, id=12035, stack(0x0000000109e14000,0x0000000109f14000)]

Other Threads:
  0x00007fe29d00c800 VMThread [stack: 0x0000000109d11000,0x0000000109e11000] [id=11523]
  0x00007fe29b81f800 WatcherThread [stack: 0x000000010a55d000,0x000000010a65d000] [id=19715]

VM state:not at safepoint (normal execution)

VM Mutex/Monitor currently owned by a thread: None

Heap
 PSYoungGen      total 19456K, used 13273K [0x00000007eaa80000, 0x00000007ec000000, 0x0000000800000000)
  eden space 16896K, 78% used [0x00000007eaa80000,0x00000007eb776708,0x00000007ebb00000)
  from space 2560K, 0% used [0x00000007ebd80000,0x00000007ebd80000,0x00000007ec000000)
  to   space 2560K, 0% used [0x00000007ebb00000,0x00000007ebb00000,0x00000007ebd80000)
 ParOldGen       total 43520K, used 0K [0x00000007c0000000, 0x00000007c2a80000, 0x00000007eaa80000)
  object space 43520K, 0% used [0x00000007c0000000,0x00000007c0000000,0x00000007c2a80000)
 PSPermGen       total 21504K, used 7063K [0x00000007bae00000, 0x00000007bc300000, 0x00000007c0000000)
  object space 21504K, 32% used [0x00000007bae00000,0x00000007bb4e5ec8,0x00000007bc300000)

Card table byte_map: [0x0000000105e15000,0x000000010603f000] byte_map_base: 0x000000010203e000

Polling page: 0x0000000101999000

Code Cache  [0x0000000102d55000, 0x0000000102fc5000, 0x0000000105d55000)
 total_blobs=471 nmethods=75 adapters=351 free_code_cache=48544Kb largest_free_block=49685120

Compilation events (10 events):
Event: 3.782 Thread 0x00007fe29b814000   70             box2dLight.PositionalLight::update (317 bytes)
Event: 3.783 Thread 0x00007fe29c038800   71             com.badlogic.gdx.physics.box2d.World::rayCast (30 bytes)
Event: 3.785 Thread 0x00007fe29c038800 nmethod 71 0x0000000102dea6d0 code [0x0000000102dea820, 0x0000000102dea908]
Event: 3.793 Thread 0x00007fe29b814000 nmethod 70 0x0000000102defad0 code [0x0000000102defce0, 0x0000000102df0270]
Event: 3.850 Thread 0x00007fe29c038800   73             java.nio.Buffer::position (43 bytes)
Event: 3.851 Thread 0x00007fe29c038800 nmethod 73 0x0000000102df13d0 code [0x0000000102df1500, 0x0000000102df1598]
Event: 4.099 Thread 0x00007fe29b814000   74             com.badlogic.gdx.graphics.glutils.ShaderProgram::checkManaged (25 bytes)
Event: 4.100 Thread 0x00007fe29b814000 nmethod 74 0x0000000102df1610 code [0x0000000102df1760, 0x0000000102df1808]
Event: 4.149 Thread 0x00007fe29c038800   75             java.nio.Buffer::position (5 bytes)
Event: 4.150 Thread 0x00007fe29c038800 nmethod 75 0x0000000102df11d0 code [0x0000000102df1300, 0x0000000102df1358]

GC Heap History (0 events):
No events

Deoptimization events (6 events):
Event: 2.081 Thread 0x00007fe29d071800 Uncommon trap: reason=class_check action=maybe_recompile pc=0x0000000102dd9390 method=java.io.FilterInputStream.read([B)I @ 5
Event: 2.081 Thread 0x00007fe29d071800 Uncommon trap: reason=class_check action=maybe_recompile pc=0x0000000102dd9390 method=java.io.FilterInputStream.read([B)I @ 5
Event: 2.081 Thread 0x00007fe29d071800 Uncommon trap: reason=class_check action=maybe_recompile pc=0x0000000102dd9390 method=java.io.FilterInputStream.read([B)I @ 5
Event: 2.081 Thread 0x00007fe29d071800 Uncommon trap: reason=class_check action=maybe_recompile pc=0x0000000102dd9390 method=java.io.FilterInputStream.read([B)I @ 5
Event: 2.106 Thread 0x00007fe29d071800 Uncommon trap: reason=unreached action=reinterpret pc=0x0000000102dd5a94 method=com.badlogic.gdx.utils.Array.iterator()Ljava/util/Iterator; @ 4
Event: 2.106 Thread 0x00007fe29d071800 Uncommon trap: reason=unreached action=reinterpret pc=0x0000000102dd56d0 method=com.badlogic.gdx.utils.Array$ArrayIterable.iterator()Ljava/util/Iterator; @ 4

Internal exceptions (10 events):
Event: 2.110 Thread 0x00007fe29d071800 Threw 0x00000007eb70f3a0 at /HUDSON/workspace/jdk7u40-2-build-macosx-amd64-product/jdk7u40/hotspot/src/share/vm/prims/jvm.cpp:1244
Event: 2.110 Thread 0x00007fe29d071800 Threw 0x00000007eb7141e0 at /HUDSON/workspace/jdk7u40-2-build-macosx-amd64-product/jdk7u40/hotspot/src/share/vm/prims/jvm.cpp:1244
Event: 2.111 Thread 0x00007fe29d071800 Threw 0x00000007eb719278 at /HUDSON/workspace/jdk7u40-2-build-macosx-amd64-product/jdk7u40/hotspot/src/share/vm/prims/jvm.cpp:1244
Event: 2.116 Thread 0x00007fe29d071800 Threw 0x00000007eb71f2f8 at /HUDSON/workspace/jdk7u40-2-build-macosx-amd64-product/jdk7u40/hotspot/src/share/vm/prims/jvm.cpp:1244
Event: 2.123 Thread 0x00007fe29d071800 Threw 0x00000007eb72c5b8 at /HUDSON/workspace/jdk7u40-2-build-macosx-amd64-product/jdk7u40/hotspot/src/share/vm/prims/jvm.cpp:1244
Event: 2.124 Thread 0x00007fe29d071800 Threw 0x00000007eb731a00 at /HUDSON/workspace/jdk7u40-2-build-macosx-amd64-product/jdk7u40/hotspot/src/share/vm/prims/jvm.cpp:1244
Event: 2.996 Thread 0x00007fe29d071800 Threw 0x00000007eb746148 at /HUDSON/workspace/jdk7u40-2-build-macosx-amd64-product/jdk7u40/hotspot/src/share/vm/prims/jvm.cpp:1244
Event: 2.997 Thread 0x00007fe29d071800 Threw 0x00000007eb74aa78 at /HUDSON/workspace/jdk7u40-2-build-macosx-amd64-product/jdk7u40/hotspot/src/share/vm/prims/jvm.cpp:1244
Event: 4.266 Thread 0x00007fe29d071800 Threw 0x00000007eb7666e0 at /HUDSON/workspace/jdk7u40-2-build-macosx-amd64-product/jdk7u40/hotspot/src/share/vm/prims/jvm.cpp:1244
Event: 4.272 Thread 0x00007fe29d071800 Threw 0x00000007eb76afb8 at /HUDSON/workspace/jdk7u40-2-build-macosx-amd64-product/jdk7u40/hotspot/src/share/vm/prims/jvm.cpp:1244

Events (10 events):
Event: 2.995 loading class 0x00007fe29b44e010
Event: 2.995 loading class 0x00007fe29b44e010 done
Event: 2.996 loading class 0x00007fe29b451070
Event: 2.997 loading class 0x00007fe29b451070 done
Event: 4.090 Executing VM operation: EnableBiasedLocking
Event: 4.090 Executing VM operation: EnableBiasedLocking done
Event: 4.265 loading class 0x00007fe29b607d60
Event: 4.265 loading class 0x00007fe29b607d60 done
Event: 4.272 loading class 0x00007fe29b4709e0
Event: 4.272 loading class 0x00007fe29b4709e0 done


Dynamic libraries:
0x00000000080f9000 	/System/Library/Frameworks/Cocoa.framework/Versions/A/Cocoa
0x00000000080f9000 	/System/Library/Frameworks/Security.framework/Versions/A/Security
0x00000000080f9000 	/System/Library/Frameworks/ApplicationServices.framework/Versions/A/ApplicationServices
0x00000000080f9000 	/usr/lib/libz.1.dylib
0x00000000080f9000 	/usr/lib/libSystem.B.dylib
0x00000000080f9000 	/usr/lib/libobjc.A.dylib
0x00000000080f9000 	/System/Library/Frameworks/CoreFoundation.framework/Versions/A/CoreFoundation
0x00000000080f9000 	/System/Library/Frameworks/Foundation.framework/Versions/C/Foundation
0x00000000080f9000 	/System/Library/Frameworks/AppKit.framework/Versions/C/AppKit
0x00000000080f9000 	/System/Library/Frameworks/CoreData.framework/Versions/A/CoreData
0x00000000080f9000 	/System/Library/PrivateFrameworks/RemoteViewServices.framework/Versions/A/RemoteViewServices
0x00000000080f9000 	/System/Library/Frameworks/AudioToolbox.framework/Versions/A/AudioToolbox
0x00000000080f9000 	/System/Library/Frameworks/AudioUnit.framework/Versions/A/AudioUnit
0x00000000080f9000 	/System/Library/PrivateFrameworks/DataDetectorsCore.framework/Versions/A/DataDetectorsCore
0x00000000080f9000 	/System/Library/PrivateFrameworks/DesktopServicesPriv.framework/Versions/A/DesktopServicesPriv
0x00000000080f9000 	/System/Library/Frameworks/Carbon.framework/Versions/A/Frameworks/HIToolbox.framework/Versions/A/HIToolbox
0x00000000080f9000 	/System/Library/Frameworks/QuartzCore.framework/Versions/A/QuartzCore
0x00000000080f9000 	/System/Library/Frameworks/Carbon.framework/Versions/A/Frameworks/SpeechRecognition.framework/Versions/A/SpeechRecognition
0x00000000080f9000 	/usr/lib/libauto.dylib
0x00000000080f9000 	/usr/lib/libicucore.A.dylib
0x00000000080f9000 	/usr/lib/libxml2.2.dylib
0x00000000080f9000 	/System/Library/PrivateFrameworks/CoreUI.framework/Versions/A/CoreUI
0x00000000080f9000 	/System/Library/Frameworks/CoreAudio.framework/Versions/A/CoreAudio
0x00000000080f9000 	/System/Library/Frameworks/DiskArbitration.framework/Versions/A/DiskArbitration
0x00000000080f9000 	/usr/lib/liblangid.dylib
0x00000000080f9000 	/System/Library/PrivateFrameworks/MultitouchSupport.framework/Versions/A/MultitouchSupport
0x00000000080f9000 	/System/Library/Frameworks/IOKit.framework/Versions/A/IOKit
0x00000000080f9000 	/usr/lib/libDiagnosticMessagesClient.dylib
0x00000000080f9000 	/System/Library/Frameworks/CoreServices.framework/Versions/A/CoreServices
0x00000000080f9000 	/System/Library/PrivateFrameworks/PerformanceAnalysis.framework/Versions/A/PerformanceAnalysis
0x00000000080f9000 	/System/Library/PrivateFrameworks/GenerationalStorage.framework/Versions/A/GenerationalStorage
0x00000000080f9000 	/System/Library/Frameworks/OpenGL.framework/Versions/A/OpenGL
0x00000000080f9000 	/System/Library/PrivateFrameworks/Sharing.framework/Versions/A/Sharing
0x00000000080f9000 	/System/Library/Frameworks/ImageIO.framework/Versions/A/ImageIO
0x00000000080f9000 	/System/Library/Frameworks/CoreText.framework/Versions/A/CoreText
0x00000000080f9000 	/System/Library/Frameworks/CoreGraphics.framework/Versions/A/CoreGraphics
0x00000000080f9000 	/System/Library/PrivateFrameworks/Backup.framework/Versions/A/Backup
0x00000000080f9000 	/System/Library/Frameworks/CFNetwork.framework/Versions/A/CFNetwork
0x00000000080f9000 	/System/Library/Frameworks/SystemConfiguration.framework/Versions/A/SystemConfiguration
0x00000000080f9000 	/usr/lib/libCRFSuite.dylib
0x00000000080f9000 	/usr/lib/libc++.1.dylib
0x00000000080f9000 	/usr/lib/libc++abi.dylib
0x00000000080f9000 	/usr/lib/system/libcache.dylib
0x00000000080f9000 	/usr/lib/system/libcommonCrypto.dylib
0x00000000080f9000 	/usr/lib/system/libcompiler_rt.dylib
0x00000000080f9000 	/usr/lib/system/libcopyfile.dylib
0x00000000080f9000 	/usr/lib/system/libcorecrypto.dylib
0x00000000080f9000 	/usr/lib/system/libdispatch.dylib
0x00000000080f9000 	/usr/lib/system/libdyld.dylib
0x00000000080f9000 	/usr/lib/system/libkeymgr.dylib
0x00000000080f9000 	/usr/lib/system/liblaunch.dylib
0x00000000080f9000 	/usr/lib/system/libmacho.dylib
0x00000000080f9000 	/usr/lib/system/libquarantine.dylib
0x00000000080f9000 	/usr/lib/system/libremovefile.dylib
0x00000000080f9000 	/usr/lib/system/libsystem_asl.dylib
0x00000000080f9000 	/usr/lib/system/libsystem_blocks.dylib
0x00000000080f9000 	/usr/lib/system/libsystem_c.dylib
0x00000000080f9000 	/usr/lib/system/libsystem_configuration.dylib
0x00000000080f9000 	/usr/lib/system/libsystem_dnssd.dylib
0x00000000080f9000 	/usr/lib/system/libsystem_info.dylib
0x00000000080f9000 	/usr/lib/system/libsystem_kernel.dylib
0x00000000080f9000 	/usr/lib/system/libsystem_m.dylib
0x00000000080f9000 	/usr/lib/system/libsystem_malloc.dylib
0x00000000080f9000 	/usr/lib/system/libsystem_network.dylib
0x00000000080f9000 	/usr/lib/system/libsystem_notify.dylib
0x00000000080f9000 	/usr/lib/system/libsystem_platform.dylib
0x00000000080f9000 	/usr/lib/system/libsystem_pthread.dylib
0x00000000080f9000 	/usr/lib/system/libsystem_sandbox.dylib
0x00000000080f9000 	/usr/lib/system/libsystem_stats.dylib
0x00000000080f9000 	/usr/lib/system/libunc.dylib
0x00000000080f9000 	/usr/lib/system/libunwind.dylib
0x00000000080f9000 	/usr/lib/system/libxpc.dylib
0x00000000080f9000 	/usr/lib/libbsm.0.dylib
0x00000000080f9000 	/usr/lib/libsqlite3.dylib
0x00000000080f9000 	/usr/lib/libxar.1.dylib
0x00000000080f9000 	/usr/lib/libpam.2.dylib
0x00000000080f9000 	/usr/lib/libOpenScriptingUtil.dylib
0x00000000080f9000 	/usr/lib/libbz2.1.0.dylib
0x00000000080f9000 	/System/Library/Frameworks/CoreServices.framework/Versions/A/Frameworks/CarbonCore.framework/Versions/A/CarbonCore
0x00000000080f9000 	/System/Library/Frameworks/CoreServices.framework/Versions/A/Frameworks/Metadata.framework/Versions/A/Metadata
0x00000000080f9000 	/System/Library/Frameworks/CoreServices.framework/Versions/A/Frameworks/OSServices.framework/Versions/A/OSServices
0x00000000080f9000 	/System/Library/Frameworks/CoreServices.framework/Versions/A/Frameworks/SearchKit.framework/Versions/A/SearchKit
0x00000000080f9000 	/System/Library/Frameworks/CoreServices.framework/Versions/A/Frameworks/AE.framework/Versions/A/AE
0x00000000080f9000 	/System/Library/Frameworks/CoreServices.framework/Versions/A/Frameworks/LaunchServices.framework/Versions/A/LaunchServices
0x00000000080f9000 	/System/Library/Frameworks/CoreServices.framework/Versions/A/Frameworks/DictionaryServices.framework/Versions/A/DictionaryServices
0x00000000080f9000 	/System/Library/Frameworks/NetFS.framework/Versions/A/NetFS
0x00000000080f9000 	/usr/lib/system/libkxld.dylib
0x00000000080f9000 	/System/Library/PrivateFrameworks/NetAuth.framework/Versions/A/NetAuth
0x00000000080f9000 	/System/Library/PrivateFrameworks/TCC.framework/Versions/A/TCC
0x00000000080f9000 	/System/Library/Frameworks/OpenDirectory.framework/Versions/A/Frameworks/CFOpenDirectory.framework/Versions/A/CFOpenDirectory
0x00000000080f9000 	/System/Library/Frameworks/ServiceManagement.framework/Versions/A/ServiceManagement
0x00000000080f9000 	/usr/lib/libxslt.1.dylib
0x00000000080f9000 	/System/Library/Frameworks/Carbon.framework/Versions/A/Frameworks/Ink.framework/Versions/A/Ink
0x00000000080f9000 	/System/Library/Frameworks/ApplicationServices.framework/Versions/A/Frameworks/ATS.framework/Versions/A/ATS
0x00000000080f9000 	/System/Library/Frameworks/ApplicationServices.framework/Versions/A/Frameworks/ColorSync.framework/Versions/A/ColorSync
0x00000000080f9000 	/System/Library/Frameworks/ApplicationServices.framework/Versions/A/Frameworks/HIServices.framework/Versions/A/HIServices
0x00000000080f9000 	/System/Library/Frameworks/ApplicationServices.framework/Versions/A/Frameworks/LangAnalysis.framework/Versions/A/LangAnalysis
0x00000000080f9000 	/System/Library/Frameworks/ApplicationServices.framework/Versions/A/Frameworks/PrintCore.framework/Versions/A/PrintCore
0x00000000080f9000 	/System/Library/Frameworks/ApplicationServices.framework/Versions/A/Frameworks/QD.framework/Versions/A/QD
0x00000000080f9000 	/System/Library/Frameworks/ApplicationServices.framework/Versions/A/Frameworks/SpeechSynthesis.framework/Versions/A/SpeechSynthesis
0x00000000080f9000 	/System/Library/Frameworks/IOSurface.framework/Versions/A/IOSurface
0x00000000080f9000 	/System/Library/Frameworks/Accelerate.framework/Versions/A/Accelerate
0x00000000080f9000 	/System/Library/Frameworks/Accelerate.framework/Versions/A/Frameworks/vImage.framework/Versions/A/vImage
0x00000000080f9000 	/System/Library/Frameworks/Accelerate.framework/Versions/A/Frameworks/vecLib.framework/Versions/A/vecLib
0x00000000080f9000 	/System/Library/Frameworks/Accelerate.framework/Versions/A/Frameworks/vecLib.framework/Versions/A/libvDSP.dylib
0x00000000080f9000 	/System/Library/Frameworks/Accelerate.framework/Versions/A/Frameworks/vecLib.framework/Versions/A/libvMisc.dylib
0x00000000080f9000 	/System/Library/Frameworks/Accelerate.framework/Versions/A/Frameworks/vecLib.framework/Versions/A/libLAPACK.dylib
0x00000000080f9000 	/System/Library/Frameworks/Accelerate.framework/Versions/A/Frameworks/vecLib.framework/Versions/A/libBLAS.dylib
0x00000000080f9000 	/System/Library/Frameworks/ApplicationServices.framework/Versions/A/Frameworks/ATS.framework/Versions/A/Resources/libFontParser.dylib
0x00000000080f9000 	/System/Library/Frameworks/ApplicationServices.framework/Versions/A/Frameworks/ATS.framework/Versions/A/Resources/libFontRegistry.dylib
0x00000000080f9000 	/System/Library/Frameworks/ImageIO.framework/Versions/A/Resources/libJPEG.dylib
0x00000000080f9000 	/System/Library/Frameworks/ImageIO.framework/Versions/A/Resources/libTIFF.dylib
0x00000000080f9000 	/System/Library/Frameworks/ImageIO.framework/Versions/A/Resources/libPng.dylib
0x00000000080f9000 	/System/Library/Frameworks/ImageIO.framework/Versions/A/Resources/libGIF.dylib
0x00000000080f9000 	/System/Library/Frameworks/ImageIO.framework/Versions/A/Resources/libJP2.dylib
0x00000000080f9000 	/System/Library/Frameworks/ImageIO.framework/Versions/A/Resources/libRadiance.dylib
0x00000000080f9000 	/usr/lib/libcups.2.dylib
0x00000000080f9000 	/System/Library/Frameworks/Kerberos.framework/Versions/A/Kerberos
0x00000000080f9000 	/System/Library/Frameworks/GSS.framework/Versions/A/GSS
0x00000000080f9000 	/usr/lib/libresolv.9.dylib
0x00000000080f9000 	/usr/lib/libiconv.2.dylib
0x00000000080f9000 	/System/Library/PrivateFrameworks/Heimdal.framework/Versions/A/Heimdal
0x00000000080f9000 	/System/Library/PrivateFrameworks/TrustEvaluationAgent.framework/Versions/A/TrustEvaluationAgent
0x00000000080f9000 	/usr/lib/libheimdal-asn1.dylib
0x00000000080f9000 	/System/Library/Frameworks/OpenDirectory.framework/Versions/A/OpenDirectory
0x00000000080f9000 	/System/Library/PrivateFrameworks/CommonAuth.framework/Versions/A/CommonAuth
0x00000000080f9000 	/System/Library/Frameworks/SecurityFoundation.framework/Versions/A/SecurityFoundation
0x00000000080f9000 	/System/Library/PrivateFrameworks/Bom.framework/Versions/A/Bom
0x00000000080f9000 	/System/Library/Frameworks/CoreVideo.framework/Versions/A/CoreVideo
0x00000000080f9000 	/System/Library/Frameworks/QuartzCore.framework/Versions/A/Frameworks/CoreImage.framework/Versions/A/CoreImage
0x00000000080f9000 	/System/Library/Frameworks/QuartzCore.framework/Versions/A/Frameworks/ScalableUserInterface.framework/Versions/A/ScalableUserInterface
0x00000000080f9000 	/System/Library/Frameworks/OpenGL.framework/Versions/A/Libraries/libGLU.dylib
0x00000000080f9000 	/System/Library/Frameworks/OpenGL.framework/Versions/A/Libraries/libGFXShared.dylib
0x00000000080f9000 	/System/Library/Frameworks/OpenGL.framework/Versions/A/Libraries/libGL.dylib
0x00000000080f9000 	/System/Library/Frameworks/OpenGL.framework/Versions/A/Libraries/libGLImage.dylib
0x00000000080f9000 	/System/Library/Frameworks/OpenGL.framework/Versions/A/Libraries/libCVMSPluginSupport.dylib
0x00000000080f9000 	/System/Library/Frameworks/OpenGL.framework/Versions/A/Libraries/libCoreVMClient.dylib
0x00000000080f9000 	/System/Library/PrivateFrameworks/FaceCore.framework/Versions/A/FaceCore
0x00000000080f9000 	/System/Library/PrivateFrameworks/CrashReporterSupport.framework/Versions/A/CrashReporterSupport
0x00000000080f9000 	/System/Library/Frameworks/OpenCL.framework/Versions/A/OpenCL
0x00000000080f9000 	/System/Library/PrivateFrameworks/AppleFSCompression.framework/Versions/A/AppleFSCompression
0x00000000080f9000 	/System/Library/PrivateFrameworks/Ubiquity.framework/Versions/A/Ubiquity
0x00000000080f9000 	/System/Library/PrivateFrameworks/IconServices.framework/Versions/A/IconServices
0x00000000080f9000 	/System/Library/PrivateFrameworks/ChunkingLibrary.framework/Versions/A/ChunkingLibrary
0x00000000080f9000 	/System/Library/PrivateFrameworks/CoreSymbolication.framework/Versions/A/CoreSymbolication
0x00000000080f9000 	/System/Library/PrivateFrameworks/Symbolication.framework/Versions/A/Symbolication
0x00000000080f9000 	/System/Library/PrivateFrameworks/DebugSymbols.framework/Versions/A/DebugSymbols
0x0000000102200000 	/Library/Java/JavaVirtualMachines/jdk1.7.0_40.jdk/Contents/Home/jre/lib/server/libjvm.dylib
0x00000000080f9000 	/usr/lib/libstdc++.6.dylib
0x000000010195c000 	/Library/Java/JavaVirtualMachines/jdk1.7.0_40.jdk/Contents/Home/jre/lib/libverify.dylib
0x0000000101969000 	/Library/Java/JavaVirtualMachines/jdk1.7.0_40.jdk/Contents/Home/jre/lib/libjava.dylib
0x00000001019a3000 	/Library/Java/JavaVirtualMachines/jdk1.7.0_40.jdk/Contents/Home/jre/lib/libzip.dylib
0x000000010a019000 	/System/Library/Frameworks/JavaVM.framework/Frameworks/JavaRuntimeSupport.framework/JavaRuntimeSupport
0x00000001019ec000 	/System/Library/Frameworks/JavaVM.framework/Versions/A/Frameworks/JavaNativeFoundation.framework/Versions/A/JavaNativeFoundation
0x000000010a031000 	/System/Library/Frameworks/JavaVM.framework/Versions/A/JavaVM
0x00000000080f9000 	/System/Library/Frameworks/Carbon.framework/Versions/A/Carbon
0x000000010a03d000 	/System/Library/PrivateFrameworks/JavaLaunching.framework/Versions/A/JavaLaunching
0x00000000080f9000 	/System/Library/Frameworks/Carbon.framework/Versions/A/Frameworks/CommonPanels.framework/Versions/A/CommonPanels
0x00000000080f9000 	/System/Library/Frameworks/Carbon.framework/Versions/A/Frameworks/Help.framework/Versions/A/Help
0x00000000080f9000 	/System/Library/Frameworks/Carbon.framework/Versions/A/Frameworks/ImageCapture.framework/Versions/A/ImageCapture
0x00000000080f9000 	/System/Library/Frameworks/Carbon.framework/Versions/A/Frameworks/OpenScripting.framework/Versions/A/OpenScripting
0x00000000080f9000 	/System/Library/Frameworks/Carbon.framework/Versions/A/Frameworks/Print.framework/Versions/A/Print
0x00000000080f9000 	/System/Library/Frameworks/Carbon.framework/Versions/A/Frameworks/SecurityHI.framework/Versions/A/SecurityHI
0x000000010a6b2000 	/private/var/folders/kb/jclwqbfs6qj7bl0g2bhqxst40000gn/T/libgdxKaue/d60d5b7/libgdx.dylib
0x000000010a719000 	/Library/Java/JavaVirtualMachines/jdk1.7.0_40.jdk/Contents/Home/jre/lib/libawt.dylib
0x000000010a7c8000 	/Library/Java/JavaVirtualMachines/jdk1.7.0_40.jdk/Contents/Home/jre/lib/./libmlib_image.dylib
0x000000010a894000 	/Library/Java/JavaVirtualMachines/jdk1.7.0_40.jdk/Contents/Home/jre/lib/lwawt/liblwawt.dylib
0x000000010a948000 	/Library/Java/JavaVirtualMachines/jdk1.7.0_40.jdk/Contents/Home/jre/lib/libosxapp.dylib
0x00000000080f9000 	/System/Library/Frameworks/ExceptionHandling.framework/Versions/A/ExceptionHandling
0x00000000080f9000 	/System/Library/PrivateFrameworks/CoreServicesInternal.framework/Versions/A/CoreServicesInternal
0x00000000080f9000 	/System/Library/PrivateFrameworks/Librarian.framework/Versions/A/Librarian
0x000000010c1aa000 	/System/Library/Frameworks/CoreGraphics.framework/Versions/A/Resources/libCGCMS.A.dylib
0x000000010c2bc000 	/System/Library/Frameworks/CoreGraphics.framework/Versions/A/Resources/libRIP.A.dylib
0x000000010c30c000 	/System/Library/Frameworks/CoreGraphics.framework/Versions/A/Resources/libCGXType.A.dylib
0x00000000080f9000 	/System/Library/PrivateFrameworks/FamilyControls.framework/Versions/A/FamilyControls
0x00000000080f9000 	/System/Library/PrivateFrameworks/CommerceKit.framework/Versions/A/Frameworks/CommerceCore.framework/Versions/A/CommerceCore
0x00000000080f9000 	/System/Library/PrivateFrameworks/SystemAdministration.framework/Versions/A/SystemAdministration
0x00000000080f9000 	/System/Library/Frameworks/DirectoryService.framework/Versions/A/DirectoryService
0x00000000080f9000 	/System/Library/PrivateFrameworks/DiskImages.framework/Versions/A/DiskImages
0x00000000080f9000 	/System/Library/PrivateFrameworks/LoginUIKit.framework/Versions/A/Frameworks/LoginUICore.framework/Versions/A/LoginUICore
0x00000000080f9000 	/usr/lib/libCoreStorage.dylib
0x00000000080f9000 	/usr/lib/libcsfde.dylib
0x00000000080f9000 	/usr/lib/libodfde.dylib
0x00000000080f9000 	/System/Library/Frameworks/DiscRecording.framework/Versions/A/DiscRecording
0x00000000080f9000 	/usr/lib/libcurl.4.dylib
0x00000000080f9000 	/System/Library/PrivateFrameworks/MediaKit.framework/Versions/A/MediaKit
0x00000000080f9000 	/System/Library/PrivateFrameworks/EFILogin.framework/Versions/A/EFILogin
0x00000000080f9000 	/usr/lib/libutil.dylib
0x00000000080f9000 	/System/Library/PrivateFrameworks/AOSNotification.framework/Versions/A/AOSNotification
0x00000000080f9000 	/System/Library/Frameworks/LDAP.framework/Versions/A/LDAP
0x00000000080f9000 	/usr/lib/libsasl2.2.dylib
0x00000000080f9000 	/usr/lib/libcrypto.0.9.8.dylib
0x00000000080f9000 	/usr/lib/libssl.0.9.8.dylib
0x000000010eaec000 	/Library/Java/JavaVirtualMachines/jdk1.7.0_40.jdk/Contents/Home/jre/lib/libfontmanager.dylib
0x000000010eb56000 	/private/var/folders/kb/jclwqbfs6qj7bl0g2bhqxst40000gn/T/libgdxKaue/75260a42/liblwjgl.jnilib
0x000000010c3a9000 	/Library/Java/JavaVirtualMachines/jdk1.7.0_40.jdk/Contents/Home/jre/lib/libjawt.dylib
0x000000010ebd1000 	/var/folders/kb/jclwqbfs6qj7bl0g2bhqxst40000gn/T/libgdxKaue/75260a42/openal.dylib
0x000000010ec4f000 	/System/Library/Components/CoreAudio.component/Contents/MacOS/CoreAudio
0x000000010ef11000 	/System/Library/Extensions/AppleHDA.kext/Contents/PlugIns/AppleHDAHALPlugIn.bundle/Contents/MacOS/AppleHDAHALPlugIn
0x000000010ef1a000 	/Library/Audio/Plug-Ins/HAL/RazerAudio.plugin/Contents/MacOS/RazerAudio
0x000000010f595000 	/System/Library/Frameworks/OpenGL.framework/Resources/GLEngine.bundle/GLEngine
0x00000000080f9000 	/System/Library/Frameworks/OpenGL.framework/Versions/A/Libraries/libGLProgrammability.dylib
0x0000000000000000 	/System/Library/Extensions/AppleIntelHD5000GraphicsGLDriver.bundle/Contents/MacOS/AppleIntelHD5000GraphicsGLDriver
0x00000000080f9000 	/System/Library/PrivateFrameworks/IOAccelerator.framework/Versions/A/IOAccelerator
0x00000000080f9000 	/System/Library/PrivateFrameworks/GPUSupport.framework/Versions/A/Libraries/libGPUSupportMercury.dylib
0x000000010fb5c000 	/System/Library/Frameworks/OpenGL.framework/Resources//GLRendererFloat.bundle/GLRendererFloat
0x00000000080f9000 	/System/Library/Frameworks/OpenCL.framework/Versions/A/Libraries/libcldcpuengine.dylib

VM Arguments:
jvm_args: -Dfile.encoding=US-ASCII 
java_command: com.me.mygdxgame.Main
Launcher Type: SUN_STANDARD

Environment Variables:
PATH=/usr/bin:/bin:/usr/sbin:/sbin
SHELL=/bin/bash

Signal Handlers:
SIGSEGV: [libjvm.dylib+0x524b25], sa_mask[0]=0xfffefeff, sa_flags=0x00000043
SIGBUS: [libjvm.dylib+0x524b25], sa_mask[0]=0xfffefeff, sa_flags=0x00000042
SIGFPE: [libjvm.dylib+0x4180e6], sa_mask[0]=0xfffefeff, sa_flags=0x00000042
SIGPIPE: [libjvm.dylib+0x4180e6], sa_mask[0]=0xfffefeff, sa_flags=0x00000042
SIGXFSZ: [libjvm.dylib+0x4180e6], sa_mask[0]=0xfffefeff, sa_flags=0x00000042
SIGILL: [libjvm.dylib+0x4180e6], sa_mask[0]=0xfffefeff, sa_flags=0x00000042
SIGUSR1: SIG_DFL, sa_mask[0]=0x00000000, sa_flags=0x00000002
SIGUSR2: [libjvm.dylib+0x417bd8], sa_mask[0]=0x00000004, sa_flags=0x00000042
SIGHUP: [libjvm.dylib+0x415e67], sa_mask[0]=0xfffefeff, sa_flags=0x00000042
SIGINT: [libjvm.dylib+0x415e67], sa_mask[0]=0xfffefeff, sa_flags=0x00000042
SIGTERM: [libjvm.dylib+0x415e67], sa_mask[0]=0xfffefeff, sa_flags=0x00000042
SIGQUIT: [libjvm.dylib+0x415e67], sa_mask[0]=0xfffefeff, sa_flags=0x00000042


---------------  S Y S T E M  ---------------

OS:Bsduname:Darwin 13.1.0 Darwin Kernel Version 13.1.0: Thu Jan 16 19:40:37 PST 2014; root:xnu-2422.90.20~2/RELEASE_X86_64 x86_64
rlimit: STACK 8192k, CORE 0k, NPROC 709, NOFILE 10240, AS infinity
load average:1.49 1.43 1.53

CPU:total 4 (2 cores per cpu, 2 threads per core) family 6 model 69 stepping 1, cmov, cx8, fxsr, mmx, sse, sse2, sse3, ssse3, sse4.1, sse4.2, popcnt, avx, avx2, aes, erms, ht, tsc, tscinvbit

Memory: 4k page, physical 4194304k(1048576k free)

/proc/meminfo:


vm_info: Java HotSpot(TM) 64-Bit Server VM (24.0-b56) for bsd-amd64 JRE (1.7.0_40-b43), built on Aug 26 2013 21:29:19 by "java_re" with gcc 4.2.1 (Based on Apple Inc. build 5658) (LLVM build 2336.11.00)

time: Wed Mar 12 17:29:32 2014
elapsed time: 4 seconds

