#
# A fatal error has been detected by the Java Runtime Environment:
#
#  SIGSEGV (0xb) at pc=0x00007fff93e5b097, pid=34684, tid=1287
#
# JRE version: Java(TM) SE Runtime Environment (7.0_40-b43) (build 1.7.0_40-b43)
# Java VM: Java HotSpot(TM) 64-Bit Server VM (24.0-b56 mixed mode bsd-amd64 compressed oops)
# Problematic frame:
# C  [libobjc.A.dylib+0x5097]  objc_msgSend+0x17
#
# Failed to write core dump. Core dumps have been disabled. To enable core dumping, try "ulimit -c unlimited" before starting Java again
#
# If you would like to submit a bug report, please visit:
#   http://bugreport.sun.com/bugreport/crash.jsp
# The crash happened outside the Java Virtual Machine in native code.
# See problematic frame for where to report the bug.
#

---------------  T H R E A D  ---------------

Current thread (0x00007fea0c8af800):  JavaThread "AppKit Thread" daemon [_thread_in_native, id=1287, stack(0x00007fff53552000,0x00007fff535d2000)]

siginfo:si_signo=SIGSEGV: si_errno=0, si_code=0 (SEGV0), si_addr=0x0000000000000000

Registers:
RAX=0x00007fea0ae892e0, RBX=0x00000000000f42ff, RCX=0x0000000000000000, RDX=0x00007fea0ad3fb00
RSP=0x00007fff535cd5a8, RBP=0x00007fff535cd5b0, RSI=0x00007fff8df5db9f, RDI=0x00007fea0ae892e0
R8 =0x0000000000000040, R9 =0x00007fff535cd500, R10=0x00007fff8df5db9f, R11=0xc00007fea0ae44e7
R12=0x00000000000f42ff, R13=0x00007fff535cd778, R14=0x00007fea0ad68360, R15=0x00007fff535cd6d8
RIP=0x00007fff93e5b097, EFLAGS=0x0000000000010246, ERR=0x0000000000000000
  TRAPNO=0x000000000000000d

Top of Stack: (sp=0x00007fff535cd5a8)
0x00007fff535cd5a8:   00007fff8ffd3e0c 00007fff535cd910
0x00007fff535cd5b8:   00007fff8fec7a6d 00007fff7a3e7f10
0x00007fff535cd5c8:   00007fff90cde333 00007fff535cd600
0x00007fff535cd5d8:   00007fff93e73a02 0000000000000828
0x00007fff535cd5e8:   00000000000f4301 0000000000000002
0x00007fff535cd5f8:   00007fea0ae91650 00007fea0ae90fb0
0x00007fff535cd608:   00007fea0ac13110 00007fea0ad3fb00
0x00007fff535cd618:   00007fff535cd6d0 0000000000000000
0x00007fff535cd628:   00000000000f42ff 0000000000000057
0x00007fff535cd638:   00007fff535cd750 0000000000000000
0x00007fff535cd648:   0000000000000001 00007fea0ac13100
0x00007fff535cd658:   0000000000000053 000000000016f913
0x00007fff535cd668:   0000010000000000 00007fff7a63ea60
0x00007fff535cd678:   0000206000e516ea 00007fff535cd7d0
0x00007fff535cd688:   0000000000000000 00007fff535cd768
0x00007fff535cd698:   00007fff535cd748 00007fff7a63ea48
0x00007fff535cd6a8:   0000000000000000 0000000000000021
0x00007fff535cd6b8:   00007fff8fe516ea 00007fff795cfd38
0x00007fff535cd6c8:   0000000000000000 00007fea0ae916d0
0x00007fff535cd6d8:   00007fea0ad68360 00007fff90bb2b08
0x00007fff535cd6e8:   0000000000000000 00007fff535cd7b0
0x00007fff535cd6f8:   00007fff94884dde 00007fff79ce90d0
0x00007fff535cd708:   0000000042000000 00007fff9488d1d1
0x00007fff535cd718:   00007fff7a61ab40 00007fff535cd818
0x00007fff535cd728:   00007fff535cd748 00007fff535cd768
0x00007fff535cd738:   0000000000000000 000000010c647001
0x00007fff535cd748:   0000000000000000 0000000000000051
0x00007fff535cd758:   0000000000000000 00000000000f42f3
0x00007fff535cd768:   0000000000000053 0000000000000000
0x00007fff535cd778:   00000000000f42ff 00000001535cd820
0x00007fff535cd788:   00007fff8fe52261 00007fff7a3e6748
0x00007fff535cd798:   00007fff7a3e674c 000000007a3e21b8 

Instructions: (pc=0x00007fff93e5b097)
0x00007fff93e5b077:   90 90 90 90 90 90 90 90 90 48 85 ff 2e 74 72 40
0x00007fff93e5b087:   f6 c7 01 2e 0f 85 7e 00 00 00 4c 8b 1f 49 89 f2
0x00007fff93e5b097:   45 23 53 18 49 c1 e2 04 4d 03 53 10 49 3b 32 75
0x00007fff93e5b0a7:   04 41 ff 62 08 49 83 3a 00 74 74 4d 3b 53 10 74 

Register to memory mapping:

RAX=0x00007fea0ae892e0 is an unknown value
RBX=0x00000000000f42ff is an unknown value
RCX=0x0000000000000000 is an unknown value
RDX=0x00007fea0ad3fb00 is an unknown value
RSP=0x00007fff535cd5a8 is pointing into the stack for thread: 0x00007fea0c8af800
RBP=0x00007fff535cd5b0 is pointing into the stack for thread: 0x00007fea0c8af800
RSI=0x00007fff8df5db9f: NSAppKitVersionNumber+0x5358f in /System/Library/Frameworks/AppKit.framework/Versions/C/AppKit at 0x00007fff8d4ba000
RDI=0x00007fea0ae892e0 is an unknown value
R8 =0x0000000000000040 is an unknown value
R9 =0x00007fff535cd500 is pointing into the stack for thread: 0x00007fea0c8af800
R10=0x00007fff8df5db9f: NSAppKitVersionNumber+0x5358f in /System/Library/Frameworks/AppKit.framework/Versions/C/AppKit at 0x00007fff8d4ba000
R11=0xc00007fea0ae44e7 is an unknown value
R12=0x00000000000f42ff is an unknown value
R13=0x00007fff535cd778 is pointing into the stack for thread: 0x00007fea0c8af800
R14=0x00007fea0ad68360 is an unknown value
R15=0x00007fff535cd6d8 is pointing into the stack for thread: 0x00007fea0c8af800


Stack: [0x00007fff53552000,0x00007fff535d2000],  sp=0x00007fff535cd5a8,  free space=493k
Native frames: (J=compiled Java code, j=interpreted, Vv=VM code, C=native code)
C  [libobjc.A.dylib+0x5097]  objc_msgSend+0x17
C  [CoreFoundation+0x10a6d]  _CFXNotificationPost+0xb4d
C  [Foundation+0x27ba]  -[NSNotificationCenter postNotificationName:object:userInfo:]+0x44
C  [AppKit+0x10f719]  -[NSSurface _disposeSurface]+0x98
C  [AppKit+0x10f1b5]  -[NSSurface setWindow:]+0x46
C  [AppKit+0x3b0b7]  -[NSView _setWindow:]+0x8ea
C  [AppKit+0x3c10a]  -[NSView removeFromSuperview]+0x15e
C  [AppKit+0x98889]  -[NSView removeFromSuperviewWithoutNeedingDisplay]+0x26
C  [liblwjgl.jnilib+0x936e]  +[MacOSXKeyableWindow destroyWindow]+0xde
C  [Foundation+0x6313e]  __NSThreadPerformPerform+0xe5
C  [CoreFoundation+0x7f731]  __CFRUNLOOP_IS_CALLING_OUT_TO_A_SOURCE0_PERFORM_FUNCTION__+0x11
C  [CoreFoundation+0x70ea2]  __CFRunLoopDoSources0+0xf2
C  [CoreFoundation+0x7062f]  __CFRunLoopRun+0x33f
C  [CoreFoundation+0x700b5]  CFRunLoopRunSpecific+0x135
C  [HIToolbox+0x2ea0d]  RunCurrentEventLoopInMode+0xe2
C  [HIToolbox+0x2e7b7]  ReceiveNextEventCommon+0x1df
C  [HIToolbox+0x2e5bc]  _BlockUntilNextEventMatchingListInModeWithFilter+0x41
C  [AppKit+0x243de]  _DPSNextEvent+0x59a
C  [AppKit+0x23a2b]  -[NSApplication nextEventMatchingMask:untilDate:inMode:dequeue:]+0x7a
C  [libosxapp.dylib+0x16f4]  -[NSApplicationAWT nextEventMatchingMask:untilDate:inMode:dequeue:]+0x7c
C  [AppKit+0x17b2c]  -[NSApplication run]+0x229
C  [libosxapp.dylib+0x1557]  +[NSApplicationAWT runAWTLoopWithApp:]+0x9c
C  [liblwawt.dylib+0xdb99]  -[AWTStarter starter:]+0x369
C  [Foundation+0x6313e]  __NSThreadPerformPerform+0xe5
C  [CoreFoundation+0x7f731]  __CFRUNLOOP_IS_CALLING_OUT_TO_A_SOURCE0_PERFORM_FUNCTION__+0x11
C  [CoreFoundation+0x70ea2]  __CFRunLoopDoSources0+0xf2
C  [CoreFoundation+0x7062f]  __CFRunLoopRun+0x33f
C  [CoreFoundation+0x700b5]  CFRunLoopRunSpecific+0x135
C  [java+0x73b0]  CreateExecutionEnvironment+0x367
C  [java+0x1b5c]  JLI_Launch+0x7a0
C  [java+0x770d]  main+0x65
C  [java+0x13b4]  start+0x34


---------------  P R O C E S S  ---------------

Java Threads: ( => current thread )
  0x00007fea0c002800 JavaThread "DestroyJavaVM" [_thread_blocked, id=6915, stack(0x000000010da01000,0x000000010db01000)]
  0x00007fea0c0ee000 JavaThread "LWJGL Application" [_thread_in_native, id=69379, stack(0x000000011a35c000,0x000000011a45c000)]
  0x00007fea0c09e800 JavaThread "AWT-Shutdown" [_thread_blocked, id=26639, stack(0x0000000116e8d000,0x0000000116f8d000)]
=>0x00007fea0c8af800 JavaThread "AppKit Thread" daemon [_thread_in_native, id=1287, stack(0x00007fff53552000,0x00007fff535d2000)]
  0x00007fea0c034800 JavaThread "Service Thread" daemon [_thread_blocked, id=19459, stack(0x0000000115243000,0x0000000115343000)]
  0x00007fea0c032000 JavaThread "C2 CompilerThread1" daemon [_thread_blocked, id=18947, stack(0x0000000115140000,0x0000000115240000)]
  0x00007fea0b815800 JavaThread "C2 CompilerThread0" daemon [_thread_blocked, id=18435, stack(0x000000011503d000,0x000000011513d000)]
  0x00007fea0b800800 JavaThread "Signal Dispatcher" daemon [_thread_blocked, id=17923, stack(0x0000000114f3a000,0x000000011503a000)]
  0x00007fea0b80e800 JavaThread "Finalizer" daemon [_thread_blocked, id=13059, stack(0x0000000114cee000,0x0000000114dee000)]
  0x00007fea0b80b800 JavaThread "Reference Handler" daemon [_thread_blocked, id=12547, stack(0x0000000114beb000,0x0000000114ceb000)]

Other Threads:
  0x00007fea0c022800 VMThread [stack: 0x0000000114ae8000,0x0000000114be8000] [id=12035]
  0x00007fea0b815000 WatcherThread [stack: 0x0000000115346000,0x0000000115446000] [id=19971]

VM state:not at safepoint (normal execution)

VM Mutex/Monitor currently owned by a thread: None

Heap
 PSYoungGen      total 19456K, used 13971K [0x00000007eaa80000, 0x00000007ec000000, 0x0000000800000000)
  eden space 16896K, 82% used [0x00000007eaa80000,0x00000007eb824dd8,0x00000007ebb00000)
  from space 2560K, 0% used [0x00000007ebd80000,0x00000007ebd80000,0x00000007ec000000)
  to   space 2560K, 0% used [0x00000007ebb00000,0x00000007ebb00000,0x00000007ebd80000)
 ParOldGen       total 43520K, used 0K [0x00000007c0000000, 0x00000007c2a80000, 0x00000007eaa80000)
  object space 43520K, 0% used [0x00000007c0000000,0x00000007c0000000,0x00000007c2a80000)
 PSPermGen       total 21504K, used 7093K [0x00000007bae00000, 0x00000007bc300000, 0x00000007c0000000)
  object space 21504K, 32% used [0x00000007bae00000,0x00000007bb4ed6d0,0x00000007bc300000)

Card table byte_map: [0x0000000110bc3000,0x0000000110ded000] byte_map_base: 0x000000010cdec000

Polling page: 0x000000010d1d1000

Code Cache  [0x000000010db03000, 0x000000010dd73000, 0x0000000110b03000)
 total_blobs=491 nmethods=95 adapters=351 free_code_cache=48514Kb largest_free_block=49654720

Compilation events (10 events):
Event: 7.885 Thread 0x00007fea0c032000   90             com.badlogic.gdx.maps.tiled.renderers.OrthogonalTiledMapRenderer::renderTileLayer (923 bytes)
Event: 7.911 Thread 0x00007fea0c032000 nmethod 90 0x000000010dba6010 code [0x000000010dba6240, 0x000000010dba7328]
Event: 8.337 Thread 0x00007fea0b815800   91             org.lwjgl.opengl.Sync$RunningAvg::avg (37 bytes)
Event: 8.339 Thread 0x00007fea0b815800 nmethod 91 0x000000010db9ca50 code [0x000000010db9cba0, 0x000000010db9ccf8]
Event: 8.720 Thread 0x00007fea0c032000   92             java.nio.Buffer::remaining (10 bytes)
Event: 8.720 Thread 0x00007fea0c032000 nmethod 92 0x000000010db9c850 code [0x000000010db9c980, 0x000000010db9c9d8]
Event: 9.472 Thread 0x00007fea0b815800   93             org.lwjgl.MemoryUtil::getAddress0 (10 bytes)
Event: 9.473 Thread 0x00007fea0b815800 nmethod 93 0x000000010dba3150 code [0x000000010dba3280, 0x000000010dba32f8]
Event: 10.253 Thread 0x00007fea0c032000   95             com.badlogic.gdx.math.Vector3::set (17 bytes)
Event: 10.253 Thread 0x00007fea0c032000 nmethod 95 0x000000010dba2ed0 code [0x000000010dba3000, 0x000000010dba3098]

GC Heap History (0 events):
No events

Deoptimization events (6 events):
Event: 2.980 Thread 0x00007fea0c0ee000 Uncommon trap: reason=class_check action=maybe_recompile pc=0x000000010db89e50 method=java.io.FilterInputStream.read([B)I @ 5
Event: 2.980 Thread 0x00007fea0c0ee000 Uncommon trap: reason=class_check action=maybe_recompile pc=0x000000010db89e50 method=java.io.FilterInputStream.read([B)I @ 5
Event: 2.981 Thread 0x00007fea0c0ee000 Uncommon trap: reason=class_check action=maybe_recompile pc=0x000000010db89e50 method=java.io.FilterInputStream.read([B)I @ 5
Event: 2.981 Thread 0x00007fea0c0ee000 Uncommon trap: reason=class_check action=maybe_recompile pc=0x000000010db89e50 method=java.io.FilterInputStream.read([B)I @ 5
Event: 3.016 Thread 0x00007fea0c0ee000 Uncommon trap: reason=unreached action=reinterpret pc=0x000000010db83ed4 method=com.badlogic.gdx.utils.Array.iterator()Ljava/util/Iterator; @ 4
Event: 3.016 Thread 0x00007fea0c0ee000 Uncommon trap: reason=unreached action=reinterpret pc=0x000000010db86b10 method=com.badlogic.gdx.utils.Array$ArrayIterable.iterator()Ljava/util/Iterator; @ 4

Internal exceptions (10 events):
Event: 3.022 Thread 0x00007fea0c0ee000 Threw 0x00000007eb719780 at /HUDSON/workspace/jdk7u40-2-build-macosx-amd64-product/jdk7u40/hotspot/src/share/vm/prims/jvm.cpp:1244
Event: 3.023 Thread 0x00007fea0c0ee000 Threw 0x00000007eb71e818 at /HUDSON/workspace/jdk7u40-2-build-macosx-amd64-product/jdk7u40/hotspot/src/share/vm/prims/jvm.cpp:1244
Event: 3.030 Thread 0x00007fea0c0ee000 Threw 0x00000007eb724800 at /HUDSON/workspace/jdk7u40-2-build-macosx-amd64-product/jdk7u40/hotspot/src/share/vm/prims/jvm.cpp:1244
Event: 3.039 Thread 0x00007fea0c0ee000 Threw 0x00000007eb732150 at /HUDSON/workspace/jdk7u40-2-build-macosx-amd64-product/jdk7u40/hotspot/src/share/vm/prims/jvm.cpp:1244
Event: 3.039 Thread 0x00007fea0c0ee000 Threw 0x00000007eb736b88 at /HUDSON/workspace/jdk7u40-2-build-macosx-amd64-product/jdk7u40/hotspot/src/share/vm/prims/jvm.cpp:1244
Event: 3.105 Thread 0x00007fea0c0ee000 Threw 0x00000007eb73bfc8 at /HUDSON/workspace/jdk7u40-2-build-macosx-amd64-product/jdk7u40/hotspot/src/share/vm/prims/jvm.cpp:1244
Event: 3.106 Thread 0x00007fea0c0ee000 Threw 0x00000007eb7407b8 at /HUDSON/workspace/jdk7u40-2-build-macosx-amd64-product/jdk7u40/hotspot/src/share/vm/prims/jvm.cpp:1244
Event: 5.712 Thread 0x00007fea0c0ee000 Threw 0x00000007eb7679d0 at /HUDSON/workspace/jdk7u40-2-build-macosx-amd64-product/jdk7u40/hotspot/src/share/vm/prims/jvm.cpp:1244
Event: 10.459 Thread 0x00007fea0c0ee000 Threw 0x00000007eb7ac2e8 at /HUDSON/workspace/jdk7u40-2-build-macosx-amd64-product/jdk7u40/hotspot/src/share/vm/prims/jvm.cpp:1244
Event: 10.475 Thread 0x00007fea0c0ee000 Threw 0x00000007eb7b0bc0 at /HUDSON/workspace/jdk7u40-2-build-macosx-amd64-product/jdk7u40/hotspot/src/share/vm/prims/jvm.cpp:1244

Events (10 events):
Event: 3.106 loading class 0x00007fea0ae77930
Event: 3.106 loading class 0x00007fea0ae77930 done
Event: 4.236 Executing VM operation: EnableBiasedLocking
Event: 4.236 Executing VM operation: EnableBiasedLocking done
Event: 5.712 loading class 0x00007fea0ae77300
Event: 5.712 loading class 0x00007fea0ae77300 done
Event: 10.459 loading class 0x00007fea0ad13700
Event: 10.459 loading class 0x00007fea0ad13700 done
Event: 10.475 loading class 0x00007fea0af52e90
Event: 10.475 loading class 0x00007fea0af52e90 done


Dynamic libraries:
0x00000000080f9000 	/System/Library/Frameworks/Cocoa.framework/Versions/A/Cocoa
0x00000000080f9000 	/System/Library/Frameworks/Security.framework/Versions/A/Security
0x00000000080f9000 	/System/Library/Frameworks/ApplicationServices.framework/Versions/A/ApplicationServices
0x00000000080f9000 	/usr/lib/libz.1.dylib
0x00000000080f9000 	/usr/lib/libSystem.B.dylib
0x00000000080f9000 	/usr/lib/libobjc.A.dylib
0x00000000080f9000 	/System/Library/Frameworks/CoreFoundation.framework/Versions/A/CoreFoundation
0x00000000080f9000 	/System/Library/Frameworks/Foundation.framework/Versions/C/Foundation
0x00000000080f9000 	/System/Library/Frameworks/AppKit.framework/Versions/C/AppKit
0x00000000080f9000 	/System/Library/Frameworks/CoreData.framework/Versions/A/CoreData
0x00000000080f9000 	/System/Library/PrivateFrameworks/RemoteViewServices.framework/Versions/A/RemoteViewServices
0x00000000080f9000 	/System/Library/Frameworks/AudioToolbox.framework/Versions/A/AudioToolbox
0x00000000080f9000 	/System/Library/Frameworks/AudioUnit.framework/Versions/A/AudioUnit
0x00000000080f9000 	/System/Library/PrivateFrameworks/DataDetectorsCore.framework/Versions/A/DataDetectorsCore
0x00000000080f9000 	/System/Library/PrivateFrameworks/DesktopServicesPriv.framework/Versions/A/DesktopServicesPriv
0x00000000080f9000 	/System/Library/Frameworks/Carbon.framework/Versions/A/Frameworks/HIToolbox.framework/Versions/A/HIToolbox
0x00000000080f9000 	/System/Library/Frameworks/QuartzCore.framework/Versions/A/QuartzCore
0x00000000080f9000 	/System/Library/Frameworks/Carbon.framework/Versions/A/Frameworks/SpeechRecognition.framework/Versions/A/SpeechRecognition
0x00000000080f9000 	/usr/lib/libauto.dylib
0x00000000080f9000 	/usr/lib/libicucore.A.dylib
0x00000000080f9000 	/usr/lib/libxml2.2.dylib
0x00000000080f9000 	/System/Library/PrivateFrameworks/CoreUI.framework/Versions/A/CoreUI
0x00000000080f9000 	/System/Library/Frameworks/CoreAudio.framework/Versions/A/CoreAudio
0x00000000080f9000 	/System/Library/Frameworks/DiskArbitration.framework/Versions/A/DiskArbitration
0x00000000080f9000 	/usr/lib/liblangid.dylib
0x00000000080f9000 	/System/Library/PrivateFrameworks/MultitouchSupport.framework/Versions/A/MultitouchSupport
0x00000000080f9000 	/System/Library/Frameworks/IOKit.framework/Versions/A/IOKit
0x00000000080f9000 	/usr/lib/libDiagnosticMessagesClient.dylib
0x00000000080f9000 	/System/Library/Frameworks/CoreServices.framework/Versions/A/CoreServices
0x00000000080f9000 	/System/Library/PrivateFrameworks/PerformanceAnalysis.framework/Versions/A/PerformanceAnalysis
0x00000000080f9000 	/System/Library/PrivateFrameworks/GenerationalStorage.framework/Versions/A/GenerationalStorage
0x00000000080f9000 	/System/Library/Frameworks/OpenGL.framework/Versions/A/OpenGL
0x00000000080f9000 	/System/Library/PrivateFrameworks/Sharing.framework/Versions/A/Sharing
0x00000000080f9000 	/System/Library/Frameworks/ImageIO.framework/Versions/A/ImageIO
0x00000000080f9000 	/System/Library/Frameworks/CoreText.framework/Versions/A/CoreText
0x00000000080f9000 	/System/Library/Frameworks/CoreGraphics.framework/Versions/A/CoreGraphics
0x00000000080f9000 	/System/Library/PrivateFrameworks/Backup.framework/Versions/A/Backup
0x00000000080f9000 	/System/Library/Frameworks/CFNetwork.framework/Versions/A/CFNetwork
0x00000000080f9000 	/System/Library/Frameworks/SystemConfiguration.framework/Versions/A/SystemConfiguration
0x00000000080f9000 	/usr/lib/libCRFSuite.dylib
0x00000000080f9000 	/usr/lib/libc++.1.dylib
0x00000000080f9000 	/usr/lib/libc++abi.dylib
0x00000000080f9000 	/usr/lib/system/libcache.dylib
0x00000000080f9000 	/usr/lib/system/libcommonCrypto.dylib
0x00000000080f9000 	/usr/lib/system/libcompiler_rt.dylib
0x00000000080f9000 	/usr/lib/system/libcopyfile.dylib
0x00000000080f9000 	/usr/lib/system/libcorecrypto.dylib
0x00000000080f9000 	/usr/lib/system/libdispatch.dylib
0x00000000080f9000 	/usr/lib/system/libdyld.dylib
0x00000000080f9000 	/usr/lib/system/libkeymgr.dylib
0x00000000080f9000 	/usr/lib/system/liblaunch.dylib
0x00000000080f9000 	/usr/lib/system/libmacho.dylib
0x00000000080f9000 	/usr/lib/system/libquarantine.dylib
0x00000000080f9000 	/usr/lib/system/libremovefile.dylib
0x00000000080f9000 	/usr/lib/system/libsystem_asl.dylib
0x00000000080f9000 	/usr/lib/system/libsystem_blocks.dylib
0x00000000080f9000 	/usr/lib/system/libsystem_c.dylib
0x00000000080f9000 	/usr/lib/system/libsystem_configuration.dylib
0x00000000080f9000 	/usr/lib/system/libsystem_dnssd.dylib
0x00000000080f9000 	/usr/lib/system/libsystem_info.dylib
0x00000000080f9000 	/usr/lib/system/libsystem_kernel.dylib
0x00000000080f9000 	/usr/lib/system/libsystem_m.dylib
0x00000000080f9000 	/usr/lib/system/libsystem_malloc.dylib
0x00000000080f9000 	/usr/lib/system/libsystem_network.dylib
0x00000000080f9000 	/usr/lib/system/libsystem_notify.dylib
0x00000000080f9000 	/usr/lib/system/libsystem_platform.dylib
0x00000000080f9000 	/usr/lib/system/libsystem_pthread.dylib
0x00000000080f9000 	/usr/lib/system/libsystem_sandbox.dylib
0x00000000080f9000 	/usr/lib/system/libsystem_stats.dylib
0x00000000080f9000 	/usr/lib/system/libunc.dylib
0x00000000080f9000 	/usr/lib/system/libunwind.dylib
0x00000000080f9000 	/usr/lib/system/libxpc.dylib
0x00000000080f9000 	/usr/lib/libbsm.0.dylib
0x00000000080f9000 	/usr/lib/libsqlite3.dylib
0x00000000080f9000 	/usr/lib/libxar.1.dylib
0x00000000080f9000 	/usr/lib/libpam.2.dylib
0x00000000080f9000 	/usr/lib/libOpenScriptingUtil.dylib
0x00000000080f9000 	/usr/lib/libbz2.1.0.dylib
0x00000000080f9000 	/System/Library/Frameworks/CoreServices.framework/Versions/A/Frameworks/CarbonCore.framework/Versions/A/CarbonCore
0x00000000080f9000 	/System/Library/Frameworks/CoreServices.framework/Versions/A/Frameworks/Metadata.framework/Versions/A/Metadata
0x00000000080f9000 	/System/Library/Frameworks/CoreServices.framework/Versions/A/Frameworks/OSServices.framework/Versions/A/OSServices
0x00000000080f9000 	/System/Library/Frameworks/CoreServices.framework/Versions/A/Frameworks/SearchKit.framework/Versions/A/SearchKit
0x00000000080f9000 	/System/Library/Frameworks/CoreServices.framework/Versions/A/Frameworks/AE.framework/Versions/A/AE
0x00000000080f9000 	/System/Library/Frameworks/CoreServices.framework/Versions/A/Frameworks/LaunchServices.framework/Versions/A/LaunchServices
0x00000000080f9000 	/System/Library/Frameworks/CoreServices.framework/Versions/A/Frameworks/DictionaryServices.framework/Versions/A/DictionaryServices
0x00000000080f9000 	/System/Library/Frameworks/NetFS.framework/Versions/A/NetFS
0x00000000080f9000 	/usr/lib/system/libkxld.dylib
0x00000000080f9000 	/System/Library/PrivateFrameworks/NetAuth.framework/Versions/A/NetAuth
0x00000000080f9000 	/System/Library/PrivateFrameworks/TCC.framework/Versions/A/TCC
0x00000000080f9000 	/System/Library/Frameworks/OpenDirectory.framework/Versions/A/Frameworks/CFOpenDirectory.framework/Versions/A/CFOpenDirectory
0x00000000080f9000 	/System/Library/Frameworks/ServiceManagement.framework/Versions/A/ServiceManagement
0x00000000080f9000 	/usr/lib/libxslt.1.dylib
0x00000000080f9000 	/System/Library/Frameworks/Carbon.framework/Versions/A/Frameworks/Ink.framework/Versions/A/Ink
0x00000000080f9000 	/System/Library/Frameworks/ApplicationServices.framework/Versions/A/Frameworks/ATS.framework/Versions/A/ATS
0x00000000080f9000 	/System/Library/Frameworks/ApplicationServices.framework/Versions/A/Frameworks/ColorSync.framework/Versions/A/ColorSync
0x00000000080f9000 	/System/Library/Frameworks/ApplicationServices.framework/Versions/A/Frameworks/HIServices.framework/Versions/A/HIServices
0x00000000080f9000 	/System/Library/Frameworks/ApplicationServices.framework/Versions/A/Frameworks/LangAnalysis.framework/Versions/A/LangAnalysis
0x00000000080f9000 	/System/Library/Frameworks/ApplicationServices.framework/Versions/A/Frameworks/PrintCore.framework/Versions/A/PrintCore
0x00000000080f9000 	/System/Library/Frameworks/ApplicationServices.framework/Versions/A/Frameworks/QD.framework/Versions/A/QD
0x00000000080f9000 	/System/Library/Frameworks/ApplicationServices.framework/Versions/A/Frameworks/SpeechSynthesis.framework/Versions/A/SpeechSynthesis
0x00000000080f9000 	/System/Library/Frameworks/IOSurface.framework/Versions/A/IOSurface
0x00000000080f9000 	/System/Library/Frameworks/Accelerate.framework/Versions/A/Accelerate
0x00000000080f9000 	/System/Library/Frameworks/Accelerate.framework/Versions/A/Frameworks/vImage.framework/Versions/A/vImage
0x00000000080f9000 	/System/Library/Frameworks/Accelerate.framework/Versions/A/Frameworks/vecLib.framework/Versions/A/vecLib
0x00000000080f9000 	/System/Library/Frameworks/Accelerate.framework/Versions/A/Frameworks/vecLib.framework/Versions/A/libvDSP.dylib
0x00000000080f9000 	/System/Library/Frameworks/Accelerate.framework/Versions/A/Frameworks/vecLib.framework/Versions/A/libvMisc.dylib
0x00000000080f9000 	/System/Library/Frameworks/Accelerate.framework/Versions/A/Frameworks/vecLib.framework/Versions/A/libLAPACK.dylib
0x00000000080f9000 	/System/Library/Frameworks/Accelerate.framework/Versions/A/Frameworks/vecLib.framework/Versions/A/libBLAS.dylib
0x00000000080f9000 	/System/Library/Frameworks/ApplicationServices.framework/Versions/A/Frameworks/ATS.framework/Versions/A/Resources/libFontParser.dylib
0x00000000080f9000 	/System/Library/Frameworks/ApplicationServices.framework/Versions/A/Frameworks/ATS.framework/Versions/A/Resources/libFontRegistry.dylib
0x00000000080f9000 	/System/Library/Frameworks/ImageIO.framework/Versions/A/Resources/libJPEG.dylib
0x00000000080f9000 	/System/Library/Frameworks/ImageIO.framework/Versions/A/Resources/libTIFF.dylib
0x00000000080f9000 	/System/Library/Frameworks/ImageIO.framework/Versions/A/Resources/libPng.dylib
0x00000000080f9000 	/System/Library/Frameworks/ImageIO.framework/Versions/A/Resources/libGIF.dylib
0x00000000080f9000 	/System/Library/Frameworks/ImageIO.framework/Versions/A/Resources/libJP2.dylib
0x00000000080f9000 	/System/Library/Frameworks/ImageIO.framework/Versions/A/Resources/libRadiance.dylib
0x00000000080f9000 	/usr/lib/libcups.2.dylib
0x00000000080f9000 	/System/Library/Frameworks/Kerberos.framework/Versions/A/Kerberos
0x00000000080f9000 	/System/Library/Frameworks/GSS.framework/Versions/A/GSS
0x00000000080f9000 	/usr/lib/libresolv.9.dylib
0x00000000080f9000 	/usr/lib/libiconv.2.dylib
0x00000000080f9000 	/System/Library/PrivateFrameworks/Heimdal.framework/Versions/A/Heimdal
0x00000000080f9000 	/System/Library/PrivateFrameworks/TrustEvaluationAgent.framework/Versions/A/TrustEvaluationAgent
0x00000000080f9000 	/usr/lib/libheimdal-asn1.dylib
0x00000000080f9000 	/System/Library/Frameworks/OpenDirectory.framework/Versions/A/OpenDirectory
0x00000000080f9000 	/System/Library/PrivateFrameworks/CommonAuth.framework/Versions/A/CommonAuth
0x00000000080f9000 	/System/Library/Frameworks/SecurityFoundation.framework/Versions/A/SecurityFoundation
0x00000000080f9000 	/System/Library/PrivateFrameworks/Bom.framework/Versions/A/Bom
0x00000000080f9000 	/System/Library/Frameworks/CoreVideo.framework/Versions/A/CoreVideo
0x00000000080f9000 	/System/Library/Frameworks/QuartzCore.framework/Versions/A/Frameworks/CoreImage.framework/Versions/A/CoreImage
0x00000000080f9000 	/System/Library/Frameworks/QuartzCore.framework/Versions/A/Frameworks/ScalableUserInterface.framework/Versions/A/ScalableUserInterface
0x00000000080f9000 	/System/Library/Frameworks/OpenGL.framework/Versions/A/Libraries/libGLU.dylib
0x00000000080f9000 	/System/Library/Frameworks/OpenGL.framework/Versions/A/Libraries/libGFXShared.dylib
0x00000000080f9000 	/System/Library/Frameworks/OpenGL.framework/Versions/A/Libraries/libGL.dylib
0x00000000080f9000 	/System/Library/Frameworks/OpenGL.framework/Versions/A/Libraries/libGLImage.dylib
0x00000000080f9000 	/System/Library/Frameworks/OpenGL.framework/Versions/A/Libraries/libCVMSPluginSupport.dylib
0x00000000080f9000 	/System/Library/Frameworks/OpenGL.framework/Versions/A/Libraries/libCoreVMClient.dylib
0x00000000080f9000 	/System/Library/PrivateFrameworks/FaceCore.framework/Versions/A/FaceCore
0x00000000080f9000 	/System/Library/PrivateFrameworks/CrashReporterSupport.framework/Versions/A/CrashReporterSupport
0x00000000080f9000 	/System/Library/Frameworks/OpenCL.framework/Versions/A/OpenCL
0x00000000080f9000 	/System/Library/PrivateFrameworks/AppleFSCompression.framework/Versions/A/AppleFSCompression
0x00000000080f9000 	/System/Library/PrivateFrameworks/Ubiquity.framework/Versions/A/Ubiquity
0x00000000080f9000 	/System/Library/PrivateFrameworks/IconServices.framework/Versions/A/IconServices
0x00000000080f9000 	/System/Library/PrivateFrameworks/ChunkingLibrary.framework/Versions/A/ChunkingLibrary
0x00000000080f9000 	/System/Library/PrivateFrameworks/CoreSymbolication.framework/Versions/A/CoreSymbolication
0x00000000080f9000 	/System/Library/PrivateFrameworks/Symbolication.framework/Versions/A/Symbolication
0x00000000080f9000 	/System/Library/PrivateFrameworks/DebugSymbols.framework/Versions/A/DebugSymbols
0x000000010c72c000 	/Library/Java/JavaVirtualMachines/jdk1.7.0_40.jdk/Contents/Home/jre/lib/server/libjvm.dylib
0x00000000080f9000 	/usr/lib/libstdc++.6.dylib
0x000000010d194000 	/Library/Java/JavaVirtualMachines/jdk1.7.0_40.jdk/Contents/Home/jre/lib/libverify.dylib
0x000000010d1a1000 	/Library/Java/JavaVirtualMachines/jdk1.7.0_40.jdk/Contents/Home/jre/lib/libjava.dylib
0x000000010d1db000 	/Library/Java/JavaVirtualMachines/jdk1.7.0_40.jdk/Contents/Home/jre/lib/libzip.dylib
0x0000000114df0000 	/System/Library/Frameworks/JavaVM.framework/Frameworks/JavaRuntimeSupport.framework/JavaRuntimeSupport
0x0000000114e08000 	/System/Library/Frameworks/JavaVM.framework/Versions/A/Frameworks/JavaNativeFoundation.framework/Versions/A/JavaNativeFoundation
0x0000000114e1c000 	/System/Library/Frameworks/JavaVM.framework/Versions/A/JavaVM
0x00000000080f9000 	/System/Library/Frameworks/Carbon.framework/Versions/A/Carbon
0x0000000114e28000 	/System/Library/PrivateFrameworks/JavaLaunching.framework/Versions/A/JavaLaunching
0x00000000080f9000 	/System/Library/Frameworks/Carbon.framework/Versions/A/Frameworks/CommonPanels.framework/Versions/A/CommonPanels
0x00000000080f9000 	/System/Library/Frameworks/Carbon.framework/Versions/A/Frameworks/Help.framework/Versions/A/Help
0x00000000080f9000 	/System/Library/Frameworks/Carbon.framework/Versions/A/Frameworks/ImageCapture.framework/Versions/A/ImageCapture
0x00000000080f9000 	/System/Library/Frameworks/Carbon.framework/Versions/A/Frameworks/OpenScripting.framework/Versions/A/OpenScripting
0x00000000080f9000 	/System/Library/Frameworks/Carbon.framework/Versions/A/Frameworks/Print.framework/Versions/A/Print
0x00000000080f9000 	/System/Library/Frameworks/Carbon.framework/Versions/A/Frameworks/SecurityHI.framework/Versions/A/SecurityHI
0x0000000115498000 	/private/var/folders/kb/jclwqbfs6qj7bl0g2bhqxst40000gn/T/libgdxKaue/d60d5b7/libgdx.dylib
0x00000001154ff000 	/Library/Java/JavaVirtualMachines/jdk1.7.0_40.jdk/Contents/Home/jre/lib/libawt.dylib
0x00000001155ae000 	/Library/Java/JavaVirtualMachines/jdk1.7.0_40.jdk/Contents/Home/jre/lib/./libmlib_image.dylib
0x000000011567a000 	/Library/Java/JavaVirtualMachines/jdk1.7.0_40.jdk/Contents/Home/jre/lib/lwawt/liblwawt.dylib
0x000000011572e000 	/Library/Java/JavaVirtualMachines/jdk1.7.0_40.jdk/Contents/Home/jre/lib/libosxapp.dylib
0x00000000080f9000 	/System/Library/Frameworks/ExceptionHandling.framework/Versions/A/ExceptionHandling
0x00000000080f9000 	/System/Library/PrivateFrameworks/CoreServicesInternal.framework/Versions/A/CoreServicesInternal
0x00000000080f9000 	/System/Library/PrivateFrameworks/Librarian.framework/Versions/A/Librarian
0x0000000116f90000 	/System/Library/Frameworks/CoreGraphics.framework/Versions/A/Resources/libCGCMS.A.dylib
0x00000001170a2000 	/System/Library/Frameworks/CoreGraphics.framework/Versions/A/Resources/libRIP.A.dylib
0x00000001170f2000 	/System/Library/Frameworks/CoreGraphics.framework/Versions/A/Resources/libCGXType.A.dylib
0x00000000080f9000 	/System/Library/PrivateFrameworks/FamilyControls.framework/Versions/A/FamilyControls
0x00000000080f9000 	/System/Library/PrivateFrameworks/CommerceKit.framework/Versions/A/Frameworks/CommerceCore.framework/Versions/A/CommerceCore
0x00000000080f9000 	/System/Library/PrivateFrameworks/SystemAdministration.framework/Versions/A/SystemAdministration
0x00000000080f9000 	/System/Library/Frameworks/DirectoryService.framework/Versions/A/DirectoryService
0x00000000080f9000 	/System/Library/PrivateFrameworks/DiskImages.framework/Versions/A/DiskImages
0x00000000080f9000 	/System/Library/PrivateFrameworks/LoginUIKit.framework/Versions/A/Frameworks/LoginUICore.framework/Versions/A/LoginUICore
0x00000000080f9000 	/usr/lib/libCoreStorage.dylib
0x00000000080f9000 	/usr/lib/libcsfde.dylib
0x00000000080f9000 	/usr/lib/libodfde.dylib
0x00000000080f9000 	/System/Library/Frameworks/DiscRecording.framework/Versions/A/DiscRecording
0x00000000080f9000 	/usr/lib/libcurl.4.dylib
0x00000000080f9000 	/System/Library/PrivateFrameworks/MediaKit.framework/Versions/A/MediaKit
0x00000000080f9000 	/System/Library/PrivateFrameworks/EFILogin.framework/Versions/A/EFILogin
0x00000000080f9000 	/usr/lib/libutil.dylib
0x00000000080f9000 	/System/Library/PrivateFrameworks/AOSNotification.framework/Versions/A/AOSNotification
0x00000000080f9000 	/System/Library/Frameworks/LDAP.framework/Versions/A/LDAP
0x00000000080f9000 	/usr/lib/libsasl2.2.dylib
0x00000000080f9000 	/usr/lib/libcrypto.0.9.8.dylib
0x00000000080f9000 	/usr/lib/libssl.0.9.8.dylib
0x00000001198c7000 	/Library/Java/JavaVirtualMachines/jdk1.7.0_40.jdk/Contents/Home/jre/lib/libfontmanager.dylib
0x0000000119931000 	/private/var/folders/kb/jclwqbfs6qj7bl0g2bhqxst40000gn/T/libgdxKaue/75260a42/liblwjgl.jnilib
0x000000011710c000 	/Library/Java/JavaVirtualMachines/jdk1.7.0_40.jdk/Contents/Home/jre/lib/libjawt.dylib
0x00000001199ac000 	/var/folders/kb/jclwqbfs6qj7bl0g2bhqxst40000gn/T/libgdxKaue/75260a42/openal.dylib
0x0000000119a08000 	/Library/ScriptingAdditions/SIMBL.osax/Contents/MacOS/SIMBL
0x0000000119a10000 	/Users/Kaue/Library/Application Support/SIMBL/Plugins/Afloat.bundle/Contents/MacOS/Afloat
0x0000000119a83000 	/System/Library/Components/CoreAudio.component/Contents/MacOS/CoreAudio
0x00000000080f9000 	/System/Library/CoreServices/RawCamera.bundle/Contents/MacOS/RawCamera
0x0000000119d45000 	/System/Library/Extensions/AppleHDA.kext/Contents/PlugIns/AppleHDAHALPlugIn.bundle/Contents/MacOS/AppleHDAHALPlugIn
0x0000000119d4e000 	/Library/Audio/Plug-Ins/HAL/RazerAudio.plugin/Contents/MacOS/RazerAudio
0x000000011a45e000 	/System/Library/Frameworks/OpenGL.framework/Resources/GLEngine.bundle/GLEngine
0x00000000080f9000 	/System/Library/Frameworks/OpenGL.framework/Versions/A/Libraries/libGLProgrammability.dylib
0x0000000000000000 	/System/Library/Extensions/AppleIntelHD5000GraphicsGLDriver.bundle/Contents/MacOS/AppleIntelHD5000GraphicsGLDriver
0x00000000080f9000 	/System/Library/PrivateFrameworks/IOAccelerator.framework/Versions/A/IOAccelerator
0x00000000080f9000 	/System/Library/PrivateFrameworks/GPUSupport.framework/Versions/A/Libraries/libGPUSupportMercury.dylib
0x000000011aa25000 	/System/Library/Frameworks/OpenGL.framework/Resources//GLRendererFloat.bundle/GLRendererFloat
0x00000000080f9000 	/System/Library/Frameworks/OpenCL.framework/Versions/A/Libraries/libcldcpuengine.dylib

VM Arguments:
jvm_args: -Dfile.encoding=US-ASCII 
java_command: com.me.mygdxgame.Main
Launcher Type: SUN_STANDARD

Environment Variables:
PATH=/usr/bin:/bin:/usr/sbin:/sbin
SHELL=/bin/bash

Signal Handlers:
SIGSEGV: [libjvm.dylib+0x524b25], sa_mask[0]=0xfffefeff, sa_flags=0x00000043
SIGBUS: [libjvm.dylib+0x524b25], sa_mask[0]=0xfffefeff, sa_flags=0x00000042
SIGFPE: [libjvm.dylib+0x4180e6], sa_mask[0]=0xfffefeff, sa_flags=0x00000042
SIGPIPE: [libjvm.dylib+0x4180e6], sa_mask[0]=0xfffefeff, sa_flags=0x00000042
SIGXFSZ: [libjvm.dylib+0x4180e6], sa_mask[0]=0xfffefeff, sa_flags=0x00000042
SIGILL: [libjvm.dylib+0x4180e6], sa_mask[0]=0xfffefeff, sa_flags=0x00000042
SIGUSR1: SIG_DFL, sa_mask[0]=0x00000000, sa_flags=0x00000002
SIGUSR2: [libjvm.dylib+0x417bd8], sa_mask[0]=0x00000004, sa_flags=0x00000042
SIGHUP: [libjvm.dylib+0x415e67], sa_mask[0]=0xfffefeff, sa_flags=0x00000042
SIGINT: [libjvm.dylib+0x415e67], sa_mask[0]=0xfffefeff, sa_flags=0x00000042
SIGTERM: [libjvm.dylib+0x415e67], sa_mask[0]=0xfffefeff, sa_flags=0x00000042
SIGQUIT: [libjvm.dylib+0x415e67], sa_mask[0]=0xfffefeff, sa_flags=0x00000042


---------------  S Y S T E M  ---------------

OS:Bsduname:Darwin 13.1.0 Darwin Kernel Version 13.1.0: Thu Jan 16 19:40:37 PST 2014; root:xnu-2422.90.20~2/RELEASE_X86_64 x86_64
rlimit: STACK 8192k, CORE 0k, NPROC 709, NOFILE 10240, AS infinity
load average:1.61 2.41 2.88

CPU:total 4 (2 cores per cpu, 2 threads per core) family 6 model 69 stepping 1, cmov, cx8, fxsr, mmx, sse, sse2, sse3, ssse3, sse4.1, sse4.2, popcnt, avx, avx2, aes, erms, ht, tsc, tscinvbit

Memory: 4k page, physical 4194304k(1048576k free)

/proc/meminfo:


vm_info: Java HotSpot(TM) 64-Bit Server VM (24.0-b56) for bsd-amd64 JRE (1.7.0_40-b43), built on Aug 26 2013 21:29:19 by "java_re" with gcc 4.2.1 (Based on Apple Inc. build 5658) (LLVM build 2336.11.00)

time: Thu Mar 13 00:16:59 2014
elapsed time: 10 seconds

